{"contracts/RootsaveBitcoinSavings.sol":{"l":{"74":45,"75":45,"76":45,"77":40,"85":45,"86":43,"98":29,"130":34,"131":33,"134":32,"135":32,"138":32,"160":9,"161":9,"164":8,"165":8,"166":8,"169":8,"170":8,"171":2,"172":2,"176":8,"177":8,"180":8,"183":8,"184":8,"204":23,"217":14,"226":6,"235":13,"236":13,"238":12,"239":12,"248":5,"249":5,"251":3,"252":3,"253":3,"261":6},"path":"/Users/smartdev/Documents/rootstock/rootsave-bitcoin-savings/contracts/RootsaveBitcoinSavings.sol","s":{"1":45,"2":45,"3":34,"4":33,"5":32,"6":9,"7":9,"8":8,"9":8,"10":8,"11":8,"12":8,"13":8,"14":8,"15":8,"16":14,"17":6,"18":13,"19":13,"20":1,"21":12,"22":12,"23":5,"24":5,"25":2,"26":3,"27":3,"28":3,"29":6},"b":{"1":[45,0],"2":[43,2],"3":[35,0],"4":[34,1],"5":[33,1],"6":[32,1],"7":[10,0],"8":[9,1],"9":[8,1],"10":[2,6],"11":[0,2],"12":[8,0],"13":[1,12],"14":[2,3]},"f":{"1":45,"2":45,"3":29,"4":34,"5":9,"6":23,"7":14,"8":6,"9":13,"10":5,"11":6},"fnMap":{"1":{"name":"nonReentrant","line":73,"loc":{"start":{"line":73,"column":4},"end":{"line":78,"column":4}}},"2":{"name":"onlyEOA","line":84,"loc":{"start":{"line":84,"column":4},"end":{"line":87,"column":4}}},"3":{"name":"constructor","line":97,"loc":{"start":{"line":97,"column":4},"end":{"line":99,"column":4}}},"4":{"name":"deposit","line":128,"loc":{"start":{"line":128,"column":4},"end":{"line":141,"column":4}}},"5":{"name":"withdraw","line":158,"loc":{"start":{"line":158,"column":4},"end":{"line":185,"column":4}}},"6":{"name":"_calculateYield","line":198,"loc":{"start":{"line":198,"column":4},"end":{"line":205,"column":4}}},"7":{"name":"getUserDeposit","line":216,"loc":{"start":{"line":216,"column":4},"end":{"line":218,"column":4}}},"8":{"name":"getUserDepositTime","line":225,"loc":{"start":{"line":225,"column":4},"end":{"line":227,"column":4}}},"9":{"name":"getCurrentYield","line":234,"loc":{"start":{"line":234,"column":4},"end":{"line":240,"column":4}}},"10":{"name":"getTotalWithdrawable","line":247,"loc":{"start":{"line":247,"column":4},"end":{"line":254,"column":4}}},"11":{"name":"getContractBalance","line":260,"loc":{"start":{"line":260,"column":4},"end":{"line":262,"column":4}}}},"statementMap":{"1":{"start":{"line":74,"column":8},"end":{"line":74,"column":70}},"2":{"start":{"line":85,"column":8},"end":{"line":85,"column":59}},"3":{"start":{"line":130,"column":8},"end":{"line":130,"column":70}},"4":{"start":{"line":131,"column":8},"end":{"line":131,"column":81}},"5":{"start":{"line":138,"column":8},"end":{"line":138,"column":60}},"6":{"start":{"line":160,"column":8},"end":{"line":160,"column":48}},"7":{"start":{"line":161,"column":8},"end":{"line":161,"column":49}},"8":{"start":{"line":164,"column":8},"end":{"line":164,"column":68}},"9":{"start":{"line":165,"column":8},"end":{"line":165,"column":66}},"10":{"start":{"line":166,"column":8},"end":{"line":166,"column":53}},"11":{"start":{"line":169,"column":8},"end":{"line":169,"column":55}},"12":{"start":{"line":170,"column":8},"end":{"line":170,"column":6051}},"13":{"start":{"line":180,"column":8},"end":{"line":180,"column":70}},"14":{"start":{"line":183,"column":8},"end":{"line":183,"column":75}},"15":{"start":{"line":184,"column":8},"end":{"line":184,"column":42}},"16":{"start":{"line":217,"column":8},"end":{"line":217,"column":29}},"17":{"start":{"line":226,"column":8},"end":{"line":226,"column":32}},"18":{"start":{"line":235,"column":8},"end":{"line":235,"column":42}},"19":{"start":{"line":236,"column":8},"end":{"line":236,"column":36}},"20":{"start":{"line":236,"column":28},"end":{"line":236,"column":36}},"21":{"start":{"line":238,"column":8},"end":{"line":238,"column":62}},"22":{"start":{"line":239,"column":8},"end":{"line":239,"column":51}},"23":{"start":{"line":248,"column":8},"end":{"line":248,"column":42}},"24":{"start":{"line":249,"column":8},"end":{"line":249,"column":36}},"25":{"start":{"line":249,"column":28},"end":{"line":249,"column":36}},"26":{"start":{"line":251,"column":8},"end":{"line":251,"column":62}},"27":{"start":{"line":252,"column":8},"end":{"line":252,"column":66}},"28":{"start":{"line":253,"column":8},"end":{"line":253,"column":38}},"29":{"start":{"line":261,"column":8},"end":{"line":261,"column":36}}},"branchMap":{"1":{"line":74,"type":"if","locations":[{"start":{"line":74,"column":8},"end":{"line":74,"column":8}},{"start":{"line":74,"column":8},"end":{"line":74,"column":8}}]},"2":{"line":85,"type":"if","locations":[{"start":{"line":85,"column":8},"end":{"line":85,"column":8}},{"start":{"line":85,"column":8},"end":{"line":85,"column":8}}]},"3":{"line":128,"type":"if","locations":[{"start":{"line":128,"column":40},"end":{"line":128,"column":40}},{"start":{"line":128,"column":40},"end":{"line":128,"column":40}}]},"4":{"line":128,"type":"if","locations":[{"start":{"line":128,"column":53},"end":{"line":128,"column":53}},{"start":{"line":128,"column":53},"end":{"line":128,"column":53}}]},"5":{"line":130,"type":"if","locations":[{"start":{"line":130,"column":8},"end":{"line":130,"column":8}},{"start":{"line":130,"column":8},"end":{"line":130,"column":8}}]},"6":{"line":131,"type":"if","locations":[{"start":{"line":131,"column":8},"end":{"line":131,"column":8}},{"start":{"line":131,"column":8},"end":{"line":131,"column":8}}]},"7":{"line":158,"type":"if","locations":[{"start":{"line":158,"column":33},"end":{"line":158,"column":33}},{"start":{"line":158,"column":33},"end":{"line":158,"column":33}}]},"8":{"line":158,"type":"if","locations":[{"start":{"line":158,"column":46},"end":{"line":158,"column":46}},{"start":{"line":158,"column":46},"end":{"line":158,"column":46}}]},"9":{"line":161,"type":"if","locations":[{"start":{"line":161,"column":8},"end":{"line":161,"column":8}},{"start":{"line":161,"column":8},"end":{"line":161,"column":8}}]},"10":{"line":170,"type":"if","locations":[{"start":{"line":170,"column":8},"end":{"line":170,"column":8}},{"start":{"line":170,"column":8},"end":{"line":170,"column":8}}]},"11":{"line":172,"type":"if","locations":[{"start":{"line":172,"column":56},"end":{"line":172,"column":82}},{"start":{"line":172,"column":86},"end":{"line":172,"column":86}}]},"12":{"line":184,"type":"if","locations":[{"start":{"line":184,"column":8},"end":{"line":184,"column":8}},{"start":{"line":184,"column":8},"end":{"line":184,"column":8}}]},"13":{"line":236,"type":"if","locations":[{"start":{"line":236,"column":8},"end":{"line":236,"column":8}},{"start":{"line":236,"column":8},"end":{"line":236,"column":8}}]},"14":{"line":249,"type":"if","locations":[{"start":{"line":249,"column":8},"end":{"line":249,"column":8}},{"start":{"line":249,"column":8},"end":{"line":249,"column":8}}]}}},"contracts/test/MaliciousDepositor.sol":{"l":{"12":1,"16":1},"path":"/Users/smartdev/Documents/rootstock/rootsave-bitcoin-savings/contracts/test/MaliciousDepositor.sol","s":{"1":1},"b":{},"f":{"1":1,"2":1},"fnMap":{"1":{"name":"constructor","line":11,"loc":{"start":{"line":11,"column":4},"end":{"line":13,"column":4}}},"2":{"name":"attack","line":15,"loc":{"start":{"line":15,"column":4},"end":{"line":17,"column":4}}}},"statementMap":{"1":{"start":{"line":16,"column":8},"end":{"line":16,"column":43}}},"branchMap":{}},"contracts/test/MaliciousWithdrawer.sol":{"l":{"12":1,"16":1},"path":"/Users/smartdev/Documents/rootstock/rootsave-bitcoin-savings/contracts/test/MaliciousWithdrawer.sol","s":{"1":1},"b":{},"f":{"1":1,"2":1},"fnMap":{"1":{"name":"constructor","line":11,"loc":{"start":{"line":11,"column":4},"end":{"line":13,"column":4}}},"2":{"name":"attack","line":15,"loc":{"start":{"line":15,"column":4},"end":{"line":17,"column":4}}}},"statementMap":{"1":{"start":{"line":16,"column":8},"end":{"line":16,"column":26}}},"branchMap":{}}}